Requirement already satisfied: pip in ./.venv/lib/python3.7/site-packages (22.0.3)
Requirement already satisfied: torch in ./.venv/lib/python3.7/site-packages (1.10.1)
Requirement already satisfied: typing-extensions in ./.venv/lib/python3.7/site-packages (from torch) (4.0.1)
Requirement already satisfied: torchvision in ./.venv/lib/python3.7/site-packages (0.11.2)
Requirement already satisfied: pillow!=8.3.0,>=5.3.0 in ./.venv/lib/python3.7/site-packages (from torchvision) (9.0.0)
Requirement already satisfied: numpy in ./.venv/lib/python3.7/site-packages (from torchvision) (1.19.5)
Requirement already satisfied: torch==1.10.1 in ./.venv/lib/python3.7/site-packages (from torchvision) (1.10.1)
Requirement already satisfied: typing-extensions in ./.venv/lib/python3.7/site-packages (from torch==1.10.1->torchvision) (4.0.1)
Requirement already satisfied: ont-bonito in ./.venv/lib/python3.7/site-packages (0.5.0)
Requirement already satisfied: mappy==2.23 in ./.venv/lib/python3.7/site-packages (from ont-bonito) (2.23)
Requirement already satisfied: toml==0.10.2 in ./.venv/lib/python3.7/site-packages (from ont-bonito) (0.10.2)
Requirement already satisfied: tqdm==4.31.1 in ./.venv/lib/python3.7/site-packages (from ont-bonito) (4.31.1)
Requirement already satisfied: scipy==1.5.4 in ./.venv/lib/python3.7/site-packages (from ont-bonito) (1.5.4)
Requirement already satisfied: numpy~=1.19.5 in ./.venv/lib/python3.7/site-packages (from ont-bonito) (1.19.5)
Requirement already satisfied: pysam==0.18.0 in ./.venv/lib/python3.7/site-packages (from ont-bonito) (0.18.0)
Requirement already satisfied: parasail==1.2 in ./.venv/lib/python3.7/site-packages (from ont-bonito) (1.2)
Requirement already satisfied: pandas==1.1.5 in ./.venv/lib/python3.7/site-packages (from ont-bonito) (1.1.5)
Requirement already satisfied: requests==2.25.1 in ./.venv/lib/python3.7/site-packages (from ont-bonito) (2.25.1)
Requirement already satisfied: ont-remora==0.1.1 in ./.venv/lib/python3.7/site-packages (from ont-bonito) (0.1.1)
Requirement already satisfied: ont-fast5-api==3.3.0 in ./.venv/lib/python3.7/site-packages (from ont-bonito) (3.3.0)
Requirement already satisfied: fast-ctc-decode==0.3.0 in ./.venv/lib/python3.7/site-packages (from ont-bonito) (0.3.0)
Requirement already satisfied: torch~=1.10.0 in ./.venv/lib/python3.7/site-packages (from ont-bonito) (1.10.1)
Requirement already satisfied: koi-cuda102==0.0.5 in ./.venv/lib/python3.7/site-packages (from ont-bonito) (0.0.5)
Requirement already satisfied: cupy-cuda102==9.6.0 in ./.venv/lib/python3.7/site-packages (from ont-bonito) (9.6.0)
Requirement already satisfied: ont-seqdist-cuda102==0.0.4 in ./.venv/lib/python3.7/site-packages (from ont-bonito) (0.0.4)
Requirement already satisfied: fastrlock>=0.5 in ./.venv/lib/python3.7/site-packages (from cupy-cuda102==9.6.0->ont-bonito) (0.8)
Requirement already satisfied: cffi in ./.venv/lib/python3.7/site-packages (from koi-cuda102==0.0.5->ont-bonito) (1.15.0)
Requirement already satisfied: h5py>=2.8 in ./.venv/lib/python3.7/site-packages (from ont-fast5-api==3.3.0->ont-bonito) (3.6.0)
Requirement already satisfied: progressbar33>=2.3.1 in ./.venv/lib/python3.7/site-packages (from ont-fast5-api==3.3.0->ont-bonito) (2.4)
Requirement already satisfied: packaging in ./.venv/lib/python3.7/site-packages (from ont-fast5-api==3.3.0->ont-bonito) (21.3)
Requirement already satisfied: scikit-learn in ./.venv/lib/python3.7/site-packages (from ont-remora==0.1.1->ont-bonito) (1.0.2)
Requirement already satisfied: onnx in ./.venv/lib/python3.7/site-packages (from ont-remora==0.1.1->ont-bonito) (1.10.2)
Requirement already satisfied: thop in ./.venv/lib/python3.7/site-packages (from ont-remora==0.1.1->ont-bonito) (0.0.31.post2005241907)
Requirement already satisfied: onnxruntime>=1.7 in ./.venv/lib/python3.7/site-packages (from ont-remora==0.1.1->ont-bonito) (1.10.0)
Requirement already satisfied: tabulate in ./.venv/lib/python3.7/site-packages (from ont-remora==0.1.1->ont-bonito) (0.8.9)
Requirement already satisfied: pytz>=2017.2 in ./.venv/lib/python3.7/site-packages (from pandas==1.1.5->ont-bonito) (2021.3)
Requirement already satisfied: python-dateutil>=2.7.3 in ./.venv/lib/python3.7/site-packages (from pandas==1.1.5->ont-bonito) (2.8.2)
Requirement already satisfied: wheel in ./.venv/lib/python3.7/site-packages (from parasail==1.2->ont-bonito) (0.37.1)
Requirement already satisfied: idna<3,>=2.5 in ./.venv/lib/python3.7/site-packages (from requests==2.25.1->ont-bonito) (2.10)
Requirement already satisfied: urllib3<1.27,>=1.21.1 in ./.venv/lib/python3.7/site-packages (from requests==2.25.1->ont-bonito) (1.26.8)
Requirement already satisfied: certifi>=2017.4.17 in ./.venv/lib/python3.7/site-packages (from requests==2.25.1->ont-bonito) (2021.10.8)
Requirement already satisfied: chardet<5,>=3.0.2 in ./.venv/lib/python3.7/site-packages (from requests==2.25.1->ont-bonito) (4.0.0)
Requirement already satisfied: typing-extensions in ./.venv/lib/python3.7/site-packages (from torch~=1.10.0->ont-bonito) (4.0.1)
Requirement already satisfied: cached-property in ./.venv/lib/python3.7/site-packages (from h5py>=2.8->ont-fast5-api==3.3.0->ont-bonito) (1.5.2)
Requirement already satisfied: flatbuffers in ./.venv/lib/python3.7/site-packages (from onnxruntime>=1.7->ont-remora==0.1.1->ont-bonito) (2.0)
Requirement already satisfied: protobuf in ./.venv/lib/python3.7/site-packages (from onnxruntime>=1.7->ont-remora==0.1.1->ont-bonito) (3.19.4)
Requirement already satisfied: six>=1.5 in ./.venv/lib/python3.7/site-packages (from python-dateutil>=2.7.3->pandas==1.1.5->ont-bonito) (1.16.0)
Requirement already satisfied: pycparser in ./.venv/lib/python3.7/site-packages (from cffi->koi-cuda102==0.0.5->ont-bonito) (2.21)
Requirement already satisfied: pyparsing!=3.0.5,>=2.0.2 in ./.venv/lib/python3.7/site-packages (from packaging->ont-fast5-api==3.3.0->ont-bonito) (3.0.6)
Requirement already satisfied: threadpoolctl>=2.0.0 in ./.venv/lib/python3.7/site-packages (from scikit-learn->ont-remora==0.1.1->ont-bonito) (3.0.0)
Requirement already satisfied: joblib>=0.11 in ./.venv/lib/python3.7/site-packages (from scikit-learn->ont-remora==0.1.1->ont-bonito) (1.1.0)
[available models]
 - dna_r10.4_e8.1_sup@v3.4
 - dna_r10.4_e8.1_hac@v3.4
 - dna_r10.4_e8.1_fast@v3.4
 - dna_r9.4.1_e8.1_sup@v3.3
 - dna_r9.4.1_e8.1_hac@v3.3
 - dna_r9.4.1_e8.1_fast@v3.4
 - dna_r9.4.1_e8_sup@v3.3
 - dna_r9.4.1_e8_hac@v3.3
 - dna_r9.4.1_e8_fast@v3.4
