Requirement already satisfied: pip in ./.venv/lib/python3.7/site-packages (21.3.1)
Collecting pip
  Downloading pip-22.0.3-py3-none-any.whl (2.1 MB)
Installing collected packages: pip
  Attempting uninstall: pip
    Found existing installation: pip 21.3.1
    Uninstalling pip-21.3.1:
      Successfully uninstalled pip-21.3.1
Successfully installed pip-22.0.3
Requirement already satisfied: torch in ./.venv/lib/python3.7/site-packages (1.10.1)
Requirement already satisfied: typing-extensions in ./.venv/lib/python3.7/site-packages (from torch) (4.0.1)
Requirement already satisfied: torchvision in ./.venv/lib/python3.7/site-packages (0.11.2)
Requirement already satisfied: numpy in ./.venv/lib/python3.7/site-packages (from torchvision) (1.21.5)
Requirement already satisfied: torch==1.10.1 in ./.venv/lib/python3.7/site-packages (from torchvision) (1.10.1)
Requirement already satisfied: pillow!=8.3.0,>=5.3.0 in ./.venv/lib/python3.7/site-packages (from torchvision) (9.0.0)
Requirement already satisfied: typing-extensions in ./.venv/lib/python3.7/site-packages (from torch==1.10.1->torchvision) (4.0.1)
Collecting ont-bonito
  Downloading ont-bonito-0.5.0.tar.gz (48 kB)
     ━━━━━━━━━━━━━━━━━━━━━━━━━━━━━━━━━━━━━━━━ 48.2/48.2 KB 2.2 MB/s eta 0:00:00
  Preparing metadata (setup.py): started
  Preparing metadata (setup.py): finished with status 'done'
Collecting mappy==2.23
  Downloading mappy-2.23.tar.gz (140 kB)
     ━━━━━━━━━━━━━━━━━━━━━━━━━━━━━━━━━━━━━━━ 140.2/140.2 KB 3.8 MB/s eta 0:00:00
  Preparing metadata (setup.py): started
  Preparing metadata (setup.py): finished with status 'done'
Collecting toml==0.10.2
  Downloading toml-0.10.2-py2.py3-none-any.whl (16 kB)
Collecting tqdm==4.31.1
  Downloading tqdm-4.31.1-py2.py3-none-any.whl (48 kB)
     ━━━━━━━━━━━━━━━━━━━━━━━━━━━━━━━━━━━━━━━━ 48.3/48.3 KB 2.6 MB/s eta 0:00:00
Collecting scipy==1.5.4
  Downloading scipy-1.5.4-cp37-cp37m-manylinux1_x86_64.whl (25.9 MB)
     ━━━━━━━━━━━━━━━━━━━━━━━━━━━━━━━━━━━━━━━━ 25.9/25.9 MB 33.0 MB/s eta 0:00:00
Collecting numpy~=1.19.5
  Downloading numpy-1.19.5-cp37-cp37m-manylinux2010_x86_64.whl (14.8 MB)
     ━━━━━━━━━━━━━━━━━━━━━━━━━━━━━━━━━━━━━━━━ 14.8/14.8 MB 46.0 MB/s eta 0:00:00
Collecting pysam==0.18.0
  Downloading pysam-0.18.0-cp37-cp37m-manylinux_2_12_x86_64.manylinux2010_x86_64.whl (14.9 MB)
     ━━━━━━━━━━━━━━━━━━━━━━━━━━━━━━━━━━━━━━━━ 14.9/14.9 MB 49.6 MB/s eta 0:00:00
Collecting parasail==1.2
  Downloading parasail-1.2-py2.py3-none-manylinux2010_x86_64.whl (14.1 MB)
     ━━━━━━━━━━━━━━━━━━━━━━━━━━━━━━━━━━━━━━━━ 14.1/14.1 MB 44.7 MB/s eta 0:00:00
Collecting pandas==1.1.5
  Downloading pandas-1.1.5-cp37-cp37m-manylinux1_x86_64.whl (9.5 MB)
     ━━━━━━━━━━━━━━━━━━━━━━━━━━━━━━━━━━━━━━━━ 9.5/9.5 MB 51.6 MB/s eta 0:00:00
Collecting requests==2.25.1
  Downloading requests-2.25.1-py2.py3-none-any.whl (61 kB)
     ━━━━━━━━━━━━━━━━━━━━━━━━━━━━━━━━━━━━━━━━ 61.2/61.2 KB 3.4 MB/s eta 0:00:00
Collecting ont-remora==0.1.1
  Downloading ont-remora-0.1.1.tar.gz (15.0 MB)
     ━━━━━━━━━━━━━━━━━━━━━━━━━━━━━━━━━━━━━━━━ 15.0/15.0 MB 48.9 MB/s eta 0:00:00
  Installing build dependencies: started
  Installing build dependencies: finished with status 'done'
  Getting requirements to build wheel: started
  Getting requirements to build wheel: finished with status 'done'
  Installing backend dependencies: started
  Installing backend dependencies: finished with status 'done'
  Preparing metadata (pyproject.toml): started
  Preparing metadata (pyproject.toml): finished with status 'done'
Collecting ont-fast5-api==3.3.0
  Downloading ont_fast5_api-3.3.0-py3-none-any.whl (2.0 MB)
     ━━━━━━━━━━━━━━━━━━━━━━━━━━━━━━━━━━━━━━━━ 2.0/2.0 MB 26.4 MB/s eta 0:00:00
Collecting fast-ctc-decode==0.3.0
  Downloading fast_ctc_decode-0.3.0-cp37-cp37m-manylinux2010_x86_64.whl (508 kB)
     ━━━━━━━━━━━━━━━━━━━━━━━━━━━━━━━━━━━━━━ 508.2/508.2 KB 13.7 MB/s eta 0:00:00
Requirement already satisfied: torch~=1.10.0 in ./.venv/lib/python3.7/site-packages (from ont-bonito) (1.10.1)
Collecting koi-cuda102==0.0.5
  Downloading koi_cuda102-0.0.5-cp37-cp37m-manylinux_2_17_x86_64.manylinux2014_x86_64.whl (350 kB)
     ━━━━━━━━━━━━━━━━━━━━━━━━━━━━━━━━━━━━━━━ 350.0/350.0 KB 8.1 MB/s eta 0:00:00
Collecting cupy-cuda102==9.6.0
  Downloading cupy_cuda102-9.6.0-cp37-cp37m-manylinux1_x86_64.whl (60.7 MB)
     ━━━━━━━━━━━━━━━━━━━━━━━━━━━━━━━━━━━━━━━━ 60.7/60.7 MB 20.5 MB/s eta 0:00:00
Collecting ont-seqdist-cuda102==0.0.4
  Downloading ont_seqdist_cuda102-0.0.4-py3-none-any.whl (21 kB)
Collecting fastrlock>=0.5
  Downloading fastrlock-0.8-cp37-cp37m-manylinux_2_5_x86_64.manylinux1_x86_64.manylinux_2_12_x86_64.manylinux2010_x86_64.whl (47 kB)
     ━━━━━━━━━━━━━━━━━━━━━━━━━━━━━━━━━━━━━━━━ 47.1/47.1 KB 2.3 MB/s eta 0:00:00
Collecting cffi
  Downloading cffi-1.15.0-cp37-cp37m-manylinux_2_12_x86_64.manylinux2010_x86_64.whl (427 kB)
     ━━━━━━━━━━━━━━━━━━━━━━━━━━━━━━━━━━━━━━ 427.1/427.1 KB 11.0 MB/s eta 0:00:00
Collecting h5py>=2.8
  Downloading h5py-3.6.0-cp37-cp37m-manylinux_2_12_x86_64.manylinux2010_x86_64.whl (4.1 MB)
     ━━━━━━━━━━━━━━━━━━━━━━━━━━━━━━━━━━━━━━━━ 4.1/4.1 MB 37.5 MB/s eta 0:00:00
Collecting progressbar33>=2.3.1
  Downloading progressbar33-2.4.tar.gz (10 kB)
  Preparing metadata (setup.py): started
  Preparing metadata (setup.py): finished with status 'done'
Requirement already satisfied: packaging in ./.venv/lib/python3.7/site-packages (from ont-fast5-api==3.3.0->ont-bonito) (21.3)
Collecting onnxruntime>=1.7
  Downloading onnxruntime-1.10.0-cp37-cp37m-manylinux_2_17_x86_64.manylinux2014_x86_64.whl (4.9 MB)
     ━━━━━━━━━━━━━━━━━━━━━━━━━━━━━━━━━━━━━━━━ 4.9/4.9 MB 32.0 MB/s eta 0:00:00
Collecting onnx
  Downloading onnx-1.10.2-cp37-cp37m-manylinux_2_12_x86_64.manylinux2010_x86_64.whl (12.7 MB)
     ━━━━━━━━━━━━━━━━━━━━━━━━━━━━━━━━━━━━━━━━ 12.7/12.7 MB 37.3 MB/s eta 0:00:00
Collecting thop
  Downloading thop-0.0.31.post2005241907-py3-none-any.whl (8.7 kB)
Collecting tabulate
  Downloading tabulate-0.8.9-py3-none-any.whl (25 kB)
Requirement already satisfied: scikit-learn in ./.venv/lib/python3.7/site-packages (from ont-remora==0.1.1->ont-bonito) (1.0.2)
Requirement already satisfied: python-dateutil>=2.7.3 in ./.venv/lib/python3.7/site-packages (from pandas==1.1.5->ont-bonito) (2.8.2)
Requirement already satisfied: pytz>=2017.2 in ./.venv/lib/python3.7/site-packages (from pandas==1.1.5->ont-bonito) (2021.3)
Collecting wheel
  Using cached wheel-0.37.1-py2.py3-none-any.whl (35 kB)
Collecting urllib3<1.27,>=1.21.1
  Downloading urllib3-1.26.8-py2.py3-none-any.whl (138 kB)
     ━━━━━━━━━━━━━━━━━━━━━━━━━━━━━━━━━━━━━━━ 138.7/138.7 KB 2.6 MB/s eta 0:00:00
Collecting certifi>=2017.4.17
  Downloading certifi-2021.10.8-py2.py3-none-any.whl (149 kB)
     ━━━━━━━━━━━━━━━━━━━━━━━━━━━━━━━━━━━━━━━ 149.2/149.2 KB 5.0 MB/s eta 0:00:00
Collecting idna<3,>=2.5
  Downloading idna-2.10-py2.py3-none-any.whl (58 kB)
     ━━━━━━━━━━━━━━━━━━━━━━━━━━━━━━━━━━━━━━━━ 58.8/58.8 KB 3.3 MB/s eta 0:00:00
Collecting chardet<5,>=3.0.2
  Downloading chardet-4.0.0-py2.py3-none-any.whl (178 kB)
     ━━━━━━━━━━━━━━━━━━━━━━━━━━━━━━━━━━━━━━━ 178.7/178.7 KB 3.8 MB/s eta 0:00:00
Requirement already satisfied: typing-extensions in ./.venv/lib/python3.7/site-packages (from torch~=1.10.0->ont-bonito) (4.0.1)
Collecting cached-property
  Downloading cached_property-1.5.2-py2.py3-none-any.whl (7.6 kB)
Collecting protobuf
  Downloading protobuf-3.19.4-cp37-cp37m-manylinux_2_17_x86_64.manylinux2014_x86_64.whl (1.1 MB)
     ━━━━━━━━━━━━━━━━━━━━━━━━━━━━━━━━━━━━━━━━ 1.1/1.1 MB 18.3 MB/s eta 0:00:00
Collecting flatbuffers
  Downloading flatbuffers-2.0-py2.py3-none-any.whl (26 kB)
Requirement already satisfied: six>=1.5 in ./.venv/lib/python3.7/site-packages (from python-dateutil>=2.7.3->pandas==1.1.5->ont-bonito) (1.16.0)
Collecting pycparser
  Downloading pycparser-2.21-py2.py3-none-any.whl (118 kB)
     ━━━━━━━━━━━━━━━━━━━━━━━━━━━━━━━━━━━━━━━ 118.7/118.7 KB 4.3 MB/s eta 0:00:00
Requirement already satisfied: pyparsing!=3.0.5,>=2.0.2 in ./.venv/lib/python3.7/site-packages (from packaging->ont-fast5-api==3.3.0->ont-bonito) (3.0.6)
Requirement already satisfied: joblib>=0.11 in ./.venv/lib/python3.7/site-packages (from scikit-learn->ont-remora==0.1.1->ont-bonito) (1.1.0)
Requirement already satisfied: threadpoolctl>=2.0.0 in ./.venv/lib/python3.7/site-packages (from scikit-learn->ont-remora==0.1.1->ont-bonito) (3.0.0)
Using legacy 'setup.py install' for ont-bonito, since package 'wheel' is not installed.
Using legacy 'setup.py install' for mappy, since package 'wheel' is not installed.
Using legacy 'setup.py install' for progressbar33, since package 'wheel' is not installed.
Building wheels for collected packages: ont-remora
  Building wheel for ont-remora (pyproject.toml): started
  Building wheel for ont-remora (pyproject.toml): finished with status 'done'
  Created wheel for ont-remora: filename=ont_remora-0.1.1-cp37-cp37m-linux_x86_64.whl size=15232157 sha256=7d07cb5f488922cb1402bd13c61639debe6032a8aa53e0c34dd1a5ad980f17f3
  Stored in directory: /home/nngu0068/.cache/pip/wheels/7f/f4/bf/5cd8f624dfb741267a24e84a1bc8335e973c46d85e0947a439
Successfully built ont-remora
Installing collected packages: tabulate, pysam, progressbar33, mappy, flatbuffers, fastrlock, fast-ctc-decode, certifi, cached-property, wheel, urllib3, tqdm, toml, pycparser, protobuf, numpy, idna, chardet, thop, scipy, requests, parasail, pandas, onnxruntime, onnx, h5py, cupy-cuda102, cffi, ont-seqdist-cuda102, ont-fast5-api, koi-cuda102, ont-remora, ont-bonito
  Running setup.py install for progressbar33: started
  Running setup.py install for progressbar33: finished with status 'done'
  Running setup.py install for mappy: started
  Running setup.py install for mappy: finished with status 'done'
  Attempting uninstall: tqdm
    Found existing installation: tqdm 4.62.3
    Uninstalling tqdm-4.62.3:
      Successfully uninstalled tqdm-4.62.3
  Attempting uninstall: numpy
    Found existing installation: numpy 1.21.5
    Uninstalling numpy-1.21.5:
      Successfully uninstalled numpy-1.21.5
  Attempting uninstall: scipy
    Found existing installation: scipy 1.7.3
    Uninstalling scipy-1.7.3:
      Successfully uninstalled scipy-1.7.3
  Attempting uninstall: pandas
    Found existing installation: pandas 1.3.5
    Uninstalling pandas-1.3.5:
      Successfully uninstalled pandas-1.3.5
  Running setup.py install for ont-bonito: started
  Running setup.py install for ont-bonito: finished with status 'done'
Successfully installed cached-property-1.5.2 certifi-2021.10.8 cffi-1.15.0 chardet-4.0.0 cupy-cuda102-9.6.0 fast-ctc-decode-0.3.0 fastrlock-0.8 flatbuffers-2.0 h5py-3.6.0 idna-2.10 koi-cuda102-0.0.5 mappy-2.23 numpy-1.19.5 onnx-1.10.2 onnxruntime-1.10.0 ont-bonito-0.5.0 ont-fast5-api-3.3.0 ont-remora-0.1.1 ont-seqdist-cuda102-0.0.4 pandas-1.1.5 parasail-1.2 progressbar33-2.4 protobuf-3.19.4 pycparser-2.21 pysam-0.18.0 requests-2.25.1 scipy-1.5.4 tabulate-0.8.9 thop-0.0.31.post2005241907 toml-0.10.2 tqdm-4.31.1 urllib3-1.26.8 wheel-0.37.1
Pytorch version: 1.10.1+cu102
Cuda available: True
Let's use 3 GPUs!
DataParallel(
  (module): Model(
    (fc): Linear(in_features=500, out_features=200, bias=True)
  )
)
DataParallel(
  (module): Model(
    (fc): Linear(in_features=500, out_features=200, bias=True)
  )
)
tensor([1, 2, 3], device='cuda:0')
