Requirement already satisfied: pip in ./.venv/lib/python3.7/site-packages (21.3.1)
Requirement already satisfied: torch in ./.venv/lib/python3.7/site-packages (1.10.1)
Requirement already satisfied: typing-extensions in ./.venv/lib/python3.7/site-packages (from torch) (4.0.1)
Requirement already satisfied: torchvision in ./.venv/lib/python3.7/site-packages (0.11.2)
Requirement already satisfied: pillow!=8.3.0,>=5.3.0 in ./.venv/lib/python3.7/site-packages (from torchvision) (9.0.0)
Requirement already satisfied: torch==1.10.1 in ./.venv/lib/python3.7/site-packages (from torchvision) (1.10.1)
Requirement already satisfied: numpy in ./.venv/lib/python3.7/site-packages (from torchvision) (1.21.5)
Requirement already satisfied: typing-extensions in ./.venv/lib/python3.7/site-packages (from torch==1.10.1->torchvision) (4.0.1)
Collecting tqdm
  Downloading tqdm-4.62.3-py2.py3-none-any.whl (76 kB)
Installing collected packages: tqdm
Successfully installed tqdm-4.62.3
Collecting matplotlib
  Downloading matplotlib-3.5.1-cp37-cp37m-manylinux_2_5_x86_64.manylinux1_x86_64.whl (11.2 MB)
Collecting python-dateutil>=2.7
  Downloading python_dateutil-2.8.2-py2.py3-none-any.whl (247 kB)
Collecting fonttools>=4.22.0
  Downloading fonttools-4.28.5-py3-none-any.whl (890 kB)
Requirement already satisfied: numpy>=1.17 in ./.venv/lib/python3.7/site-packages (from matplotlib) (1.21.5)
Collecting pyparsing>=2.2.1
  Downloading pyparsing-3.0.6-py3-none-any.whl (97 kB)
Collecting kiwisolver>=1.0.1
  Downloading kiwisolver-1.3.2-cp37-cp37m-manylinux_2_5_x86_64.manylinux1_x86_64.whl (1.1 MB)
Collecting packaging>=20.0
  Downloading packaging-21.3-py3-none-any.whl (40 kB)
Collecting cycler>=0.10
  Downloading cycler-0.11.0-py3-none-any.whl (6.4 kB)
Requirement already satisfied: pillow>=6.2.0 in ./.venv/lib/python3.7/site-packages (from matplotlib) (9.0.0)
Collecting six>=1.5
  Downloading six-1.16.0-py2.py3-none-any.whl (11 kB)
Installing collected packages: six, pyparsing, python-dateutil, packaging, kiwisolver, fonttools, cycler, matplotlib
Successfully installed cycler-0.11.0 fonttools-4.28.5 kiwisolver-1.3.2 matplotlib-3.5.1 packaging-21.3 pyparsing-3.0.6 python-dateutil-2.8.2 six-1.16.0
Collecting sklearn
  Downloading sklearn-0.0.tar.gz (1.1 kB)
  Preparing metadata (setup.py): started
  Preparing metadata (setup.py): finished with status 'done'
Collecting scikit-learn
  Downloading scikit_learn-1.0.2-cp37-cp37m-manylinux_2_17_x86_64.manylinux2014_x86_64.whl (24.8 MB)
Collecting joblib>=0.11
  Downloading joblib-1.1.0-py2.py3-none-any.whl (306 kB)
Collecting threadpoolctl>=2.0.0
  Downloading threadpoolctl-3.0.0-py3-none-any.whl (14 kB)
Collecting scipy>=1.1.0
  Downloading scipy-1.7.3-cp37-cp37m-manylinux_2_12_x86_64.manylinux2010_x86_64.whl (38.1 MB)
Requirement already satisfied: numpy>=1.14.6 in ./.venv/lib/python3.7/site-packages (from scikit-learn->sklearn) (1.21.5)
Using legacy 'setup.py install' for sklearn, since package 'wheel' is not installed.
Installing collected packages: threadpoolctl, scipy, joblib, scikit-learn, sklearn
    Running setup.py install for sklearn: started
    Running setup.py install for sklearn: finished with status 'done'
Successfully installed joblib-1.1.0 scikit-learn-1.0.2 scipy-1.7.3 sklearn-0.0 threadpoolctl-3.0.0
Traceback (most recent call last):
  File "parallel.py", line 11, in <module>
    import pandas as pd
ModuleNotFoundError: No module named 'pandas'
srun: error: ge01: task 0: Exited with exit code 1
