Requirement already satisfied: pip in ./.venv/lib/python3.7/site-packages (21.3.1)
Requirement already satisfied: torch in ./.venv/lib/python3.7/site-packages (1.10.1)
Requirement already satisfied: typing-extensions in ./.venv/lib/python3.7/site-packages (from torch) (4.0.1)
Requirement already satisfied: torchvision in ./.venv/lib/python3.7/site-packages (0.11.2)
Requirement already satisfied: torch==1.10.1 in ./.venv/lib/python3.7/site-packages (from torchvision) (1.10.1)
Requirement already satisfied: numpy in ./.venv/lib/python3.7/site-packages (from torchvision) (1.21.5)
Requirement already satisfied: pillow!=8.3.0,>=5.3.0 in ./.venv/lib/python3.7/site-packages (from torchvision) (9.0.0)
Requirement already satisfied: typing-extensions in ./.venv/lib/python3.7/site-packages (from torch==1.10.1->torchvision) (4.0.1)
Pytorch version: 1.10.1+cu102
Cuda available: True
Let's use 3 GPUs!
DataParallel(
  (module): Model(
    (fc): Linear(in_features=500, out_features=200, bias=True)
  )
)
DataParallel(
  (module): Model(
    (fc): Linear(in_features=500, out_features=200, bias=True)
  )
)
tensor([1, 2, 3], device='cuda:0')
