Requirement already satisfied: pip in ./.venv/lib/python3.7/site-packages (21.3.1)
Requirement already satisfied: torch in ./.venv/lib/python3.7/site-packages (1.10.1)
Requirement already satisfied: typing-extensions in ./.venv/lib/python3.7/site-packages (from torch) (4.0.1)
Requirement already satisfied: torchvision in ./.venv/lib/python3.7/site-packages (0.11.2)
Requirement already satisfied: torch==1.10.1 in ./.venv/lib/python3.7/site-packages (from torchvision) (1.10.1)
Requirement already satisfied: pillow!=8.3.0,>=5.3.0 in ./.venv/lib/python3.7/site-packages (from torchvision) (9.0.0)
Requirement already satisfied: numpy in ./.venv/lib/python3.7/site-packages (from torchvision) (1.21.5)
Requirement already satisfied: typing-extensions in ./.venv/lib/python3.7/site-packages (from torch==1.10.1->torchvision) (4.0.1)
Requirement already satisfied: tqdm in ./.venv/lib/python3.7/site-packages (4.62.3)
Requirement already satisfied: matplotlib in ./.venv/lib/python3.7/site-packages (3.5.1)
Requirement already satisfied: python-dateutil>=2.7 in ./.venv/lib/python3.7/site-packages (from matplotlib) (2.8.2)
Requirement already satisfied: kiwisolver>=1.0.1 in ./.venv/lib/python3.7/site-packages (from matplotlib) (1.3.2)
Requirement already satisfied: numpy>=1.17 in ./.venv/lib/python3.7/site-packages (from matplotlib) (1.21.5)
Requirement already satisfied: cycler>=0.10 in ./.venv/lib/python3.7/site-packages (from matplotlib) (0.11.0)
Requirement already satisfied: pillow>=6.2.0 in ./.venv/lib/python3.7/site-packages (from matplotlib) (9.0.0)
Requirement already satisfied: fonttools>=4.22.0 in ./.venv/lib/python3.7/site-packages (from matplotlib) (4.28.5)
Requirement already satisfied: pyparsing>=2.2.1 in ./.venv/lib/python3.7/site-packages (from matplotlib) (3.0.6)
Requirement already satisfied: packaging>=20.0 in ./.venv/lib/python3.7/site-packages (from matplotlib) (21.3)
Requirement already satisfied: six>=1.5 in ./.venv/lib/python3.7/site-packages (from python-dateutil>=2.7->matplotlib) (1.16.0)
Requirement already satisfied: sklearn in ./.venv/lib/python3.7/site-packages (0.0)
Requirement already satisfied: scikit-learn in ./.venv/lib/python3.7/site-packages (from sklearn) (1.0.2)
Requirement already satisfied: numpy>=1.14.6 in ./.venv/lib/python3.7/site-packages (from scikit-learn->sklearn) (1.21.5)
Requirement already satisfied: joblib>=0.11 in ./.venv/lib/python3.7/site-packages (from scikit-learn->sklearn) (1.1.0)
Requirement already satisfied: threadpoolctl>=2.0.0 in ./.venv/lib/python3.7/site-packages (from scikit-learn->sklearn) (3.0.0)
Requirement already satisfied: scipy>=1.1.0 in ./.venv/lib/python3.7/site-packages (from scikit-learn->sklearn) (1.7.3)
Requirement already satisfied: pandas in ./.venv/lib/python3.7/site-packages (1.3.5)
Requirement already satisfied: python-dateutil>=2.7.3 in ./.venv/lib/python3.7/site-packages (from pandas) (2.8.2)
Requirement already satisfied: pytz>=2017.3 in ./.venv/lib/python3.7/site-packages (from pandas) (2021.3)
Requirement already satisfied: numpy>=1.17.3 in ./.venv/lib/python3.7/site-packages (from pandas) (1.21.5)
Requirement already satisfied: six>=1.5 in ./.venv/lib/python3.7/site-packages (from python-dateutil>=2.7.3->pandas) (1.16.0)
srun: Job step aborted: Waiting up to 22 seconds for job step to finish.
slurmstepd: error: *** JOB 8081940 ON ge01 CANCELLED AT 2022-01-19T16:22:34 ***
